[1130/103902.571:ERROR:process_reader_win.cc(242)] ReadMemory at 0x7ff793380000 of 64 bytes failed: Only part of a ReadProcessMemory or WriteProcessMemory request was completed. (0x12B)
[1130/103902.878:WARNING:pe_image_reader.cc(302)] could not read dos header from C:\Program Files (x86)\Google\Chrome\Application\chrome.exe
[1130/103902.878:ERROR:process_reader_win.cc(242)] ReadMemory at 0x7ffa9fda0000 of 64 bytes failed: Only part of a ReadProcessMemory or WriteProcessMemory request was completed. (0x12B)
[1130/103902.879:WARNING:pe_image_reader.cc(302)] could not read dos header from C:\WINDOWS\SYSTEM32\ntdll.dll
[1130/103902.879:ERROR:process_reader_win.cc(242)] ReadMemory at 0x7ffa9d6a0000 of 64 bytes failed: Only part of a ReadProcessMemory or WriteProcessMemory request was completed. (0x12B)
[1130/103902.903:WARNING:pe_image_reader.cc(302)] could not read dos header from C:\WINDOWS\System32\KERNEL32.DLL
[1130/103902.903:ERROR:process_reader_win.cc(242)] ReadMemory at 0x7ffa9cb10000 of 64 bytes failed: Only part of a ReadProcessMemory or WriteProcessMemory request was completed. (0x12B)
[1130/103902.903:WARNING:pe_image_reader.cc(302)] could not read dos header from C:\WINDOWS\System32\KERNELBASE.dll
[1130/103902.903:ERROR:process_reader_win.cc(242)] ReadMemory at 0x7ffa9a110000 of 64 bytes failed: Only part of a ReadProcessMemory or WriteProcessMemory request was completed. (0x12B)
[1130/103902.903:WARNING:pe_image_reader.cc(302)] could not read dos header from C:\WINDOWS\SYSTEM32\apphelp.dll
[1130/103902.903:ERROR:process_reader_win.cc(242)] ReadMemory at 0x7ffa9e410000 of 64 bytes failed: Only part of a ReadProcessMemory or WriteProcessMemory request was completed. (0x12B)
[1130/103902.903:WARNING:pe_image_reader.cc(302)] could not read dos header from C:\WINDOWS\System32\SHELL32.dll
[1130/103902.903:ERROR:process_reader_win.cc(242)] ReadMemory at 0x7ffa9e360000 of 64 bytes failed: Only part of a ReadProcessMemory or WriteProcessMemory request was completed. (0x12B)
[1130/103902.903:WARNING:pe_image_reader.cc(302)] could not read dos header from C:\WINDOWS\System32\msvcrt.dll
[1130/103902.903:ERROR:process_reader_win.cc(242)] ReadMemory at 0x7ffa9cfe0000 of 64 bytes failed: Only part of a ReadProcessMemory or WriteProcessMemory request was completed. (0x12B)
[1130/103902.903:WARNING:pe_image_reader.cc(302)] could not read dos header from C:\WINDOWS\System32\cfgmgr32.dll
[1130/103902.903:ERROR:process_reader_win.cc(242)] ReadMemory at 0x7ffa9d030000 of 64 bytes failed: Only part of a ReadProcessMemory or WriteProcessMemory request was completed. (0x12B)
[1130/103902.903:WARNING:pe_image_reader.cc(302)] could not read dos header from C:\WINDOWS\System32\ucrtbase.dll
[1130/103902.903:ERROR:process_reader_win.cc(242)] ReadMemory at 0x7ffa9fb70000 of 64 bytes failed: Only part of a ReadProcessMemory or WriteProcessMemory request was completed. (0x12B)
[1130/103902.903:WARNING:pe_image_reader.cc(302)] could not read dos header from C:\WINDOWS\System32\shcore.dll
[1130/103902.905:ERROR:process_reader_win.cc(242)] ReadMemory at 0x7ffa9fc20000 of 64 bytes failed: Only part of a ReadProcessMemory or WriteProcessMemory request was completed. (0x12B)
[1130/103902.905:WARNING:pe_image_reader.cc(302)] could not read dos header from C:\WINDOWS\System32\RPCRT4.dll
[1130/103902.905:ERROR:process_reader_win.cc(242)] ReadMemory at 0x7ffa9d8e0000 of 64 bytes failed: Only part of a ReadProcessMemory or WriteProcessMemory request was completed. (0x12B)
[1130/103902.905:WARNING:pe_image_reader.cc(302)] could not read dos header from C:\WINDOWS\System32\combase.dll
[1130/103902.905:ERROR:process_reader_win.cc(242)] ReadMemory at 0x7ffa9d130000 of 64 bytes failed: Only part of a ReadProcessMemory or WriteProcessMemory request was completed. (0x12B)
[1130/103902.905:WARNING:pe_image_reader.cc(302)] could not read dos header from C:\WINDOWS\System32\bcryptPrimitives.dll
[1130/103902.905:ERROR:process_reader_win.cc(242)] ReadMemory at 0x7ffa9c170000 of 64 bytes failed: Only part of a ReadProcessMemory or WriteProcessMemory request was completed. (0x12B)
[1130/103903.043:WARNING:pe_image_reader.cc(302)] could not read dos header from C:\WINDOWS\System32\windows.storage.dll
[1130/103903.043:ERROR:process_reader_win.cc(242)] ReadMemory at 0x7ffa9dc70000 of 64 bytes failed: Only part of a ReadProcessMemory or WriteProcessMemory request was completed. (0x12B)
[1130/103903.043:WARNING:pe_image_reader.cc(302)] could not read dos header from C:\WINDOWS\System32\advapi32.dll
[1130/103903.043:ERROR:process_reader_win.cc(242)] ReadMemory at 0x7ffa9dc10000 of 64 bytes failed: Only part of a ReadProcessMemory or WriteProcessMemory request was completed. (0x12B)
[1130/103903.043:WARNING:pe_image_reader.cc(302)] could not read dos header from C:\WINDOWS\System32\sechost.dll
[1130/103903.043:ERROR:process_reader_win.cc(242)] ReadMemory at 0x7ffa9d420000 of 64 bytes failed: Only part of a ReadProcessMemory or WriteProcessMemory request was completed. (0x12B)
[1130/103903.043:WARNING:pe_image_reader.cc(302)] could not read dos header from C:\WINDOWS\System32\shlwapi.dll
[1130/103903.044:ERROR:process_reader_win.cc(242)] ReadMemory at 0x7ffa9fb40000 of 64 bytes failed: Only part of a ReadProcessMemory or WriteProcessMemory request was completed. (0x12B)
[1130/103903.044:WARNING:pe_image_reader.cc(302)] could not read dos header from C:\WINDOWS\System32\GDI32.dll
[1130/103903.044:ERROR:process_reader_win.cc(242)] ReadMemory at 0x7ffa9cd90000 of 64 bytes failed: Only part of a ReadProcessMemory or WriteProcessMemory request was completed. (0x12B)
[1130/103903.044:WARNING:pe_image_reader.cc(302)] could not read dos header from C:\WINDOWS\System32\gdi32full.dll
[1130/103903.044:ERROR:process_reader_win.cc(242)] ReadMemory at 0x7ffa9ca70000 of 64 bytes failed: Only part of a ReadProcessMemory or WriteProcessMemory request was completed. (0x12B)
[1130/103903.044:WARNING:pe_image_reader.cc(302)] could not read dos header from C:\WINDOWS\System32\msvcp_win.dll
[1130/103903.044:ERROR:process_reader_win.cc(242)] ReadMemory at 0x7ffa9f9b0000 of 64 bytes failed: Only part of a ReadProcessMemory or WriteProcessMemory request was completed. (0x12B)
[1130/103903.044:WARNING:pe_image_reader.cc(302)] could not read dos header from C:\WINDOWS\System32\USER32.dll
[1130/103903.044:ERROR:process_reader_win.cc(242)] ReadMemory at 0x7ffa9d1b0000 of 64 bytes failed: Only part of a ReadProcessMemory or WriteProcessMemory request was completed. (0x12B)
[1130/103903.045:WARNING:pe_image_reader.cc(302)] could not read dos header from C:\WINDOWS\System32\win32u.dll
[1130/103903.045:ERROR:process_reader_win.cc(242)] ReadMemory at 0x7ffa9c130000 of 64 bytes failed: Only part of a ReadProcessMemory or WriteProcessMemory request was completed. (0x12B)
[1130/103903.045:WARNING:pe_image_reader.cc(302)] could not read dos header from C:\WINDOWS\System32\kernel.appcore.dll
[1130/103903.045:ERROR:process_reader_win.cc(242)] ReadMemory at 0x7ffa9c110000 of 64 bytes failed: Only part of a ReadProcessMemory or WriteProcessMemory request was completed. (0x12B)
[1130/103903.045:WARNING:pe_image_reader.cc(302)] could not read dos header from C:\WINDOWS\System32\profapi.dll
[1130/103903.046:ERROR:process_reader_win.cc(242)] ReadMemory at 0x7ffa9c0c0000 of 64 bytes failed: Only part of a ReadProcessMemory or WriteProcessMemory request was completed. (0x12B)
[1130/103903.046:WARNING:pe_image_reader.cc(302)] could not read dos header from C:\WINDOWS\System32\powrprof.dll
[1130/103903.046:ERROR:process_reader_win.cc(242)] ReadMemory at 0x7ffa9c0b0000 of 64 bytes failed: Only part of a ReadProcessMemory or WriteProcessMemory request was completed. (0x12B)
[1130/103903.046:WARNING:pe_image_reader.cc(302)] could not read dos header from C:\WINDOWS\System32\FLTLIB.DLL
[1130/103903.046:ERROR:process_reader_win.cc(242)] ReadMemory at 0x7ffa9e400000 of 64 bytes failed: Only part of a ReadProcessMemory or WriteProcessMemory request was completed. (0x12B)
[1130/103903.046:WARNING:pe_image_reader.cc(302)] could not read dos header from C:\WINDOWS\System32\PSAPI.DLL
[1130/103903.046:ERROR:process_reader_win.cc(242)] ReadMemory at 0x7ffa6edb0000 of 64 bytes failed: Only part of a ReadProcessMemory or WriteProcessMemory request was completed. (0x12B)
[1130/103903.130:WARNING:pe_image_reader.cc(302)] could not read dos header from C:\Program Files (x86)\Google\Chrome\Application\70.0.3538.110\chrome_elf.dll
[1130/103903.130:ERROR:process_reader_win.cc(242)] ReadMemory at 0x7ffa94040000 of 64 bytes failed: Only part of a ReadProcessMemory or WriteProcessMemory request was completed. (0x12B)
[1130/103903.130:WARNING:pe_image_reader.cc(302)] could not read dos header from C:\WINDOWS\SYSTEM32\VERSION.dll
[1130/103903.130:ERROR:process_reader_win.cc(242)] ReadMemory at 0x7ffa980f0000 of 64 bytes failed: Only part of a ReadProcessMemory or WriteProcessMemory request was completed. (0x12B)
[1130/103903.130:WARNING:pe_image_reader.cc(302)] could not read dos header from C:\WINDOWS\SYSTEM32\WINMM.dll
[1130/103903.130:ERROR:process_reader_win.cc(242)] ReadMemory at 0x7ffa9bfe0000 of 64 bytes failed: Only part of a ReadProcessMemory or WriteProcessMemory request was completed. (0x12B)
[1130/103903.130:WARNING:pe_image_reader.cc(302)] could not read dos header from C:\WINDOWS\SYSTEM32\USERENV.dll
[1130/103903.130:ERROR:process_reader_win.cc(242)] ReadMemory at 0x7ffa98020000 of 64 bytes failed: Only part of a ReadProcessMemory or WriteProcessMemory request was completed. (0x12B)
[1130/103903.130:WARNING:pe_image_reader.cc(302)] could not read dos header from C:\WINDOWS\SYSTEM32\WINMMBASE.dll
[1130/103903.130:ERROR:process_reader_win.cc(242)] ReadMemory at 0x7ffa9bb00000 of 64 bytes failed: Only part of a ReadProcessMemory or WriteProcessMemory request was completed. (0x12B)
[1130/103903.130:WARNING:pe_image_reader.cc(302)] could not read dos header from C:\WINDOWS\SYSTEM32\CRYPTBASE.DLL
[1130/103903.130:ERROR:process_reader_win.cc(242)] ReadMemory at 0x7ffa9d3f0000 of 64 bytes failed: Only part of a ReadProcessMemory or WriteProcessMemory request was completed. (0x12B)
[1130/103903.130:WARNING:pe_image_reader.cc(302)] could not read dos header from C:\WINDOWS\System32\IMM32.DLL
[1130/103903.130:ERROR:process_reader_win.cc(242)] ReadMemory at 0x7ffa56180000 of 64 bytes failed: Only part of a ReadProcessMemory or WriteProcessMemory request was completed. (0x12B)
[1130/103903.130:WARNING:pe_image_reader.cc(302)] could not read dos header from C:\Program Files (x86)\Google\Chrome\Application\70.0.3538.110\chrome_child.dll
[1130/103903.130:ERROR:process_reader_win.cc(242)] ReadMemory at 0x7ffa9d250000 of 64 bytes failed: Only part of a ReadProcessMemory or WriteProcessMemory request was completed. (0x12B)
[1130/103903.130:WARNING:pe_image_reader.cc(302)] could not read dos header from C:\WINDOWS\System32\WS2_32.dll
[1130/103903.130:ERROR:process_reader_win.cc(242)] ReadMemory at 0x7ffa9f850000 of 64 bytes failed: Only part of a ReadProcessMemory or WriteProcessMemory request was completed. (0x12B)
[1130/103903.130:WARNING:pe_image_reader.cc(302)] could not read dos header from C:\WINDOWS\System32\ole32.dll
[1130/103903.130:ERROR:process_reader_win.cc(242)] ReadMemory at 0x7ffa9d2c0000 of 64 bytes failed: Only part of a ReadProcessMemory or WriteProcessMemory request was completed. (0x12B)
[1130/103903.130:WARNING:pe_image_reader.cc(302)] could not read dos header from C:\WINDOWS\System32\OLEAUT32.dll
[1130/103903.134:ERROR:process_reader_win.cc(242)] ReadMemory at 0x7ffa9d1d0000 of 64 bytes failed: Only part of a ReadProcessMemory or WriteProcessMemory request was completed. (0x12B)
[1130/103903.134:WARNING:pe_image_reader.cc(302)] could not read dos header from C:\WINDOWS\System32\WINTRUST.dll
[1130/103903.134:ERROR:process_reader_win.cc(242)] ReadMemory at 0x7ffa9c150000 of 64 bytes failed: Only part of a ReadProcessMemory or WriteProcessMemory request was completed. (0x12B)
[1130/103903.134:WARNING:pe_image_reader.cc(302)] could not read dos header from C:\WINDOWS\System32\MSASN1.dll
[1130/103903.134:ERROR:process_reader_win.cc(242)] ReadMemory at 0x7ffa9c880000 of 64 bytes failed: Only part of a ReadProcessMemory or WriteProcessMemory request was completed. (0x12B)
[1130/103903.134:WARNING:pe_image_reader.cc(302)] could not read dos header from C:\WINDOWS\System32\CRYPT32.dll
[1130/103903.134:ERROR:process_reader_win.cc(242)] ReadMemory at 0x7ffa9dd20000 of 64 bytes failed: Only part of a ReadProcessMemory or WriteProcessMemory request was completed. (0x12B)
[1130/103903.134:WARNING:pe_image_reader.cc(302)] could not read dos header from C:\WINDOWS\System32\COMDLG32.dll
[1130/103903.134:ERROR:process_reader_win.cc(242)] ReadMemory at 0x7ffa9b6b0000 of 64 bytes failed: Only part of a ReadProcessMemory or WriteProcessMemory request was completed. (0x12B)
[1130/103903.134:WARNING:pe_image_reader.cc(302)] could not read dos header from C:\WINDOWS\SYSTEM32\IPHLPAPI.DLL
[1130/103903.134:ERROR:process_reader_win.cc(242)] ReadMemory at 0x7ffa8cf90000 of 64 bytes failed: Only part of a ReadProcessMemory or WriteProcessMemory request was completed. (0x12B)
[1130/103903.134:WARNING:pe_image_reader.cc(302)] could not read dos header from C:\WINDOWS\SYSTEM32\msdmo.dll
[1130/103903.134:ERROR:process_reader_win.cc(242)] ReadMemory at 0x7ffa87440000 of 64 bytes failed: Only part of a ReadProcessMemory or WriteProcessMemory request was completed. (0x12B)
[1130/103903.134:WARNING:pe_image_reader.cc(302)] could not read dos header from C:\WINDOWS\WinSxS\amd64_microsoft.windows.common-controls_6595b64144ccf1df_6.0.17134.407_none_fb449d63306391e9\COMCTL32.dll
[1130/103903.134:ERROR:process_reader_win.cc(242)] ReadMemory at 0x7ffa88b00000 of 64 bytes failed: Only part of a ReadProcessMemory or WriteProcessMemory request was completed. (0x12B)
[1130/103903.134:WARNING:pe_image_reader.cc(302)] could not read dos header from C:\WINDOWS\SYSTEM32\DWrite.dll
[1130/103903.134:ERROR:process_reader_win.cc(242)] ReadMemory at 0x7ffa93ef0000 of 64 bytes failed: Only part of a ReadProcessMemory or WriteProcessMemory request was completed. (0x12B)
[1130/103903.134:WARNING:pe_image_reader.cc(302)] could not read dos header from C:\WINDOWS\SYSTEM32\WINSPOOL.DRV
[1130/103903.134:ERROR:process_reader_win.cc(242)] ReadMemory at 0x7ffa888f0000 of 64 bytes failed: Only part of a ReadProcessMemory or WriteProcessMemory request was completed. (0x12B)
[1130/103903.134:WARNING:pe_image_reader.cc(302)] could not read dos header from C:\WINDOWS\SYSTEM32\dbghelp.dll
[1130/103903.134:ERROR:process_reader_win.cc(242)] ReadMemory at 0x7ffa89850000 of 64 bytes failed: Only part of a ReadProcessMemory or WriteProcessMemory request was completed. (0x12B)
[1130/103903.134:WARNING:pe_image_reader.cc(302)] could not read dos header from C:\WINDOWS\SYSTEM32\USP10.dll
[1130/103903.134:ERROR:process_reader_win.cc(242)] ReadMemory at 0x7ffa9ae20000 of 64 bytes failed: Only part of a ReadProcessMemory or WriteProcessMemory request was completed. (0x12B)
[1130/103903.134:WARNING:pe_image_reader.cc(302)] could not read dos header from C:\WINDOWS\SYSTEM32\dxgi.dll
[1130/103903.134:ERROR:process_reader_win.cc(242)] ReadMemory at 0x7ffa90280000 of 64 bytes failed: Only part of a ReadProcessMemory or WriteProcessMemory request was completed. (0x12B)
[1130/103903.134:WARNING:pe_image_reader.cc(302)] could not read dos header from C:\WINDOWS\SYSTEM32\urlmon.dll
[1130/103903.134:ERROR:process_reader_win.cc(242)] ReadMemory at 0x7ffa8a620000 of 64 bytes failed: Only part of a ReadProcessMemory or WriteProcessMemory request was completed. (0x12B)
[1130/103903.134:WARNING:pe_image_reader.cc(302)] could not read dos header from C:\WINDOWS\SYSTEM32\Secur32.dll
[1130/103903.134:ERROR:process_reader_win.cc(242)] ReadMemory at 0x7ffa95e60000 of 64 bytes failed: Only part of a ReadProcessMemory or WriteProcessMemory request was completed. (0x12B)
[1130/103903.134:WARNING:pe_image_reader.cc(302)] could not read dos header from C:\WINDOWS\SYSTEM32\WINHTTP.dll
[1130/103903.134:ERROR:process_reader_win.cc(242)] ReadMemory at 0x7ffa93250000 of 64 bytes failed: Only part of a ReadProcessMemory or WriteProcessMemory request was completed. (0x12B)
[1130/103903.134:WARNING:pe_image_reader.cc(302)] could not read dos header from C:\WINDOWS\SYSTEM32\dhcpcsvc.DLL
[1130/103903.134:ERROR:process_reader_win.cc(242)] ReadMemory at 0x7ffa9d230000 of 64 bytes failed: Only part of a ReadProcessMemory or WriteProcessMemory request was completed. (0x12B)
[1130/103903.153:WARNING:pe_image_reader.cc(302)] could not read dos header from C:\WINDOWS\System32\NSI.dll
[1130/103903.153:ERROR:process_reader_win.cc(242)] ReadMemory at 0x7ffa9ab90000 of 64 bytes failed: Only part of a ReadProcessMemory or WriteProcessMemory request was completed. (0x12B)
[1130/103903.153:WARNING:pe_image_reader.cc(302)] could not read dos header from C:\WINDOWS\SYSTEM32\PROPSYS.dll
[1130/103903.153:ERROR:process_reader_win.cc(242)] ReadMemory at 0x7ffa9bc10000 of 64 bytes failed: Only part of a ReadProcessMemory or WriteProcessMemory request was completed. (0x12B)
[1130/103903.154:WARNING:pe_image_reader.cc(302)] could not read dos header from C:\WINDOWS\SYSTEM32\bcrypt.dll
[1130/103903.154:ERROR:process_reader_win.cc(242)] ReadMemory at 0x7ffa91fc0000 of 64 bytes failed: Only part of a ReadProcessMemory or WriteProcessMemory request was completed. (0x12B)
[1130/103903.154:WARNING:pe_image_reader.cc(302)] could not read dos header from C:\WINDOWS\SYSTEM32\iertutil.dll
[1130/103903.154:ERROR:process_reader_win.cc(242)] ReadMemory at 0x7ffa9bfb0000 of 64 bytes failed: Only part of a ReadProcessMemory or WriteProcessMemory request was completed. (0x12B)
[1130/103903.154:WARNING:pe_image_reader.cc(302)] could not read dos header from C:\WINDOWS\SYSTEM32\SSPICLI.DLL
[1130/103905.926:ERROR:process_reader_win.cc(242)] ReadMemory at 0xdfccd03000 of 1036288 bytes failed: Only part of a ReadProcessMemory or WriteProcessMemory request was completed. (0x12B)
[1130/103906.003:ERROR:process_reader_win.cc(242)] ReadMemory at 0xdfccffe000 of 8192 bytes failed: Only part of a ReadProcessMemory or WriteProcessMemory request was completed. (0x12B)
[1130/103906.047:ERROR:process_reader_win.cc(242)] ReadMemory at 0xdfcd3fe000 of 8192 bytes failed: Only part of a ReadProcessMemory or WriteProcessMemory request was completed. (0x12B)
[1130/103906.047:ERROR:process_reader_win.cc(242)] ReadMemory at 0xdfcd5fe000 of 8192 bytes failed: Only part of a ReadProcessMemory or WriteProcessMemory request was completed. (0x12B)
[1130/103906.047:ERROR:process_reader_win.cc(242)] ReadMemory at 0xdfcd7fe000 of 8192 bytes failed: Only part of a ReadProcessMemory or WriteProcessMemory request was completed. (0x12B)
[1130/103906.047:ERROR:process_reader_win.cc(242)] ReadMemory at 0xdfcd9fd000 of 12288 bytes failed: Only part of a ReadProcessMemory or WriteProcessMemory request was completed. (0x12B)
[1130/103906.047:ERROR:process_reader_win.cc(242)] ReadMemory at 0xdfcdbff000 of 4096 bytes failed: Only part of a ReadProcessMemory or WriteProcessMemory request was completed. (0x12B)
[1130/103906.047:ERROR:process_reader_win.cc(242)] ReadMemory at 0xdfcddfe000 of 8192 bytes failed: Only part of a ReadProcessMemory or WriteProcessMemory request was completed. (0x12B)
[1130/103906.051:ERROR:process_reader_win.cc(242)] ReadMemory at 0xdfcdffc000 of 16384 bytes failed: Only part of a ReadProcessMemory or WriteProcessMemory request was completed. (0x12B)
[1130/103906.051:ERROR:process_reader_win.cc(242)] ReadMemory at 0xdfce1fb000 of 20480 bytes failed: Only part of a ReadProcessMemory or WriteProcessMemory request was completed. (0x12B)
[1130/103906.051:ERROR:process_reader_win.cc(242)] ReadMemory at 0xdfce3fb000 of 20480 bytes failed: Only part of a ReadProcessMemory or WriteProcessMemory request was completed. (0x12B)
[1130/103906.051:ERROR:process_reader_win.cc(242)] ReadMemory at 0xdfce5ea000 of 90112 bytes failed: Only part of a ReadProcessMemory or WriteProcessMemory request was completed. (0x12B)
[1130/103906.051:ERROR:process_reader_win.cc(242)] ReadMemory at 0xdfce7fb000 of 20480 bytes failed: Only part of a ReadProcessMemory or WriteProcessMemory request was completed. (0x12B)
[1130/103906.051:ERROR:process_reader_win.cc(242)] ReadMemory at 0xdfce9fa000 of 24576 bytes failed: Only part of a ReadProcessMemory or WriteProcessMemory request was completed. (0x12B)
[1130/103906.051:ERROR:process_reader_win.cc(242)] ReadMemory at 0xdfceffe000 of 8192 bytes failed: Only part of a ReadProcessMemory or WriteProcessMemory request was completed. (0x12B)
[1130/103906.051:ERROR:process_reader_win.cc(242)] ReadMemory at 0xdfcf9fd000 of 12288 bytes failed: Only part of a ReadProcessMemory or WriteProcessMemory request was completed. (0x12B)
[1130/103906.051:ERROR:process_reader_win.cc(242)] ReadMemory at 0xdfcebfe000 of 8192 bytes failed: Only part of a ReadProcessMemory or WriteProcessMemory request was completed. (0x12B)
[1130/103906.051:ERROR:process_reader_win.cc(242)] ReadMemory at 0xdfcf5fd000 of 12288 bytes failed: Only part of a ReadProcessMemory or WriteProcessMemory request was completed. (0x12B)
[1130/103906.051:ERROR:process_reader_win.cc(242)] ReadMemory at 0xdfcd1ff000 of 4096 bytes failed: Only part of a ReadProcessMemory or WriteProcessMemory request was completed. (0x12B)
[1130/103906.051:ERROR:process_reader_win.cc(242)] ReadMemory at 0xdfccb12000 of 852 bytes failed: Only part of a ReadProcessMemory or WriteProcessMemory request was completed. (0x12B)
[1130/103906.051:ERROR:process_reader_win.cc(242)] ReadMemory at 0xdfccb13000 of 6024 bytes failed: Only part of a ReadProcessMemory or WriteProcessMemory request was completed. (0x12B)
[1130/103906.051:ERROR:process_reader_win.cc(242)] ReadMemory at 0xdfccb15000 of 6024 bytes failed: Only part of a ReadProcessMemory or WriteProcessMemory request was completed. (0x12B)
[1130/103906.051:ERROR:process_reader_win.cc(242)] ReadMemory at 0xdfccb19000 of 6024 bytes failed: Only part of a ReadProcessMemory or WriteProcessMemory request was completed. (0x12B)
[1130/103906.051:ERROR:process_reader_win.cc(242)] ReadMemory at 0xdfccb1b000 of 6024 bytes failed: Only part of a ReadProcessMemory or WriteProcessMemory request was completed. (0x12B)
[1130/103906.051:ERROR:process_reader_win.cc(242)] ReadMemory at 0xdfccb1d000 of 6024 bytes failed: Only part of a ReadProcessMemory or WriteProcessMemory request was completed. (0x12B)
[1130/103906.051:ERROR:process_reader_win.cc(242)] ReadMemory at 0xdfccb1f000 of 6024 bytes failed: Only part of a ReadProcessMemory or WriteProcessMemory request was completed. (0x12B)
[1130/103906.051:ERROR:process_reader_win.cc(242)] ReadMemory at 0xdfccb21000 of 6024 bytes failed: Only part of a ReadProcessMemory or WriteProcessMemory request was completed. (0x12B)
[1130/103906.055:ERROR:process_reader_win.cc(242)] ReadMemory at 0xdfccb23000 of 6024 bytes failed: Only part of a ReadProcessMemory or WriteProcessMemory request was completed. (0x12B)
[1130/103906.055:ERROR:process_reader_win.cc(242)] ReadMemory at 0xdfccb25000 of 6024 bytes failed: Only part of a ReadProcessMemory or WriteProcessMemory request was completed. (0x12B)
[1130/103906.055:ERROR:process_reader_win.cc(242)] ReadMemory at 0xdfccb27000 of 6024 bytes failed: Only part of a ReadProcessMemory or WriteProcessMemory request was completed. (0x12B)
[1130/103906.055:ERROR:process_reader_win.cc(242)] ReadMemory at 0xdfccb29000 of 6024 bytes failed: Only part of a ReadProcessMemory or WriteProcessMemory request was completed. (0x12B)
[1130/103906.055:ERROR:process_reader_win.cc(242)] ReadMemory at 0xdfccb2b000 of 6024 bytes failed: Only part of a ReadProcessMemory or WriteProcessMemory request was completed. (0x12B)
[1130/103906.055:ERROR:process_reader_win.cc(242)] ReadMemory at 0xdfccb2d000 of 6024 bytes failed: Only part of a ReadProcessMemory or WriteProcessMemory request was completed. (0x12B)
[1130/103906.056:ERROR:process_reader_win.cc(242)] ReadMemory at 0xdfccb2f000 of 6024 bytes failed: Only part of a ReadProcessMemory or WriteProcessMemory request was completed. (0x12B)
[1130/103906.056:ERROR:process_reader_win.cc(242)] ReadMemory at 0xdfccb35000 of 6024 bytes failed: Only part of a ReadProcessMemory or WriteProcessMemory request was completed. (0x12B)
[1130/103906.057:ERROR:process_reader_win.cc(242)] ReadMemory at 0xdfccb3f000 of 6024 bytes failed: Only part of a ReadProcessMemory or WriteProcessMemory request was completed. (0x12B)
[1130/103906.057:ERROR:process_reader_win.cc(242)] ReadMemory at 0xdfccb41000 of 6024 bytes failed: Only part of a ReadProcessMemory or WriteProcessMemory request was completed. (0x12B)
[1130/103906.057:ERROR:process_reader_win.cc(242)] ReadMemory at 0xdfccb59000 of 6024 bytes failed: Only part of a ReadProcessMemory or WriteProcessMemory request was completed. (0x12B)
[1130/103906.057:ERROR:process_reader_win.cc(242)] ReadMemory at 0xdfccb5f000 of 6024 bytes failed: Only part of a ReadProcessMemory or WriteProcessMemory request was completed. (0x12B)
[1130/103906.057:ERROR:process_reader_win.cc(242)] ReadMemory at 0x2a484e0f000 of 480 bytes failed: Only part of a ReadProcessMemory or WriteProcessMemory request was completed. (0x12B)
[1130/103906.057:ERROR:process_reader_win.cc(242)] ReadMemory at 0x2a4ab610ab0 of 512 bytes failed: Only part of a ReadProcessMemory or WriteProcessMemory request was completed. (0x12B)
[1130/103906.058:ERROR:process_reader_win.cc(242)] ReadMemory at 0x2a4ab610fc0 of 6832 bytes failed: Only part of a ReadProcessMemory or WriteProcessMemory request was completed. (0x12B)
[1130/103906.058:ERROR:process_reader_win.cc(242)] ReadMemory at 0x2a4ab612a80 of 1012 bytes failed: Only part of a ReadProcessMemory or WriteProcessMemory request was completed. (0x12B)
[1130/103906.058:ERROR:process_reader_win.cc(242)] ReadMemory at 0x2a4ab613098 of 118 bytes failed: Only part of a ReadProcessMemory or WriteProcessMemory request was completed. (0x12B)
[1130/103906.058:ERROR:process_reader_win.cc(242)] ReadMemory at 0x2a4ab613110 of 1090 bytes failed: Only part of a ReadProcessMemory or WriteProcessMemory request was completed. (0x12B)
[1130/103906.058:ERROR:process_reader_win.cc(242)] ReadMemory at 0x2a4ab613554 of 118 bytes failed: Only part of a ReadProcessMemory or WriteProcessMemory request was completed. (0x12B)
[1130/103906.058:ERROR:process_reader_win.cc(242)] ReadMemory at 0x2a4ab6135cc of 96 bytes failed: Only part of a ReadProcessMemory or WriteProcessMemory request was completed. (0x12B)
[1130/103906.058:ERROR:process_reader_win.cc(242)] ReadMemory at 0x2a4ab613640 of 58 bytes failed: Only part of a ReadProcessMemory or WriteProcessMemory request was completed. (0x12B)
[1130/103906.058:ERROR:process_reader_win.cc(242)] ReadMemory at 0x2a4ab613740 of 132 bytes failed: Only part of a ReadProcessMemory or WriteProcessMemory request was completed. (0x12B)
[1130/103906.059:ERROR:process_reader_win.cc(242)] ReadMemory at 0x2a4ab6138d0 of 132 bytes failed: Only part of a ReadProcessMemory or WriteProcessMemory request was completed. (0x12B)
[1130/103906.059:ERROR:process_reader_win.cc(242)] ReadMemory at 0x2a4ab613a90 of 126 bytes failed: Only part of a ReadProcessMemory or WriteProcessMemory request was completed. (0x12B)
[1130/103906.059:ERROR:process_reader_win.cc(242)] ReadMemory at 0x2a4ab613e70 of 132 bytes failed: Only part of a ReadProcessMemory or WriteProcessMemory request was completed. (0x12B)
[1130/103906.059:ERROR:process_reader_win.cc(242)] ReadMemory at 0x2a4ab614000 of 64 bytes failed: Only part of a ReadProcessMemory or WriteProcessMemory request was completed. (0x12B)
[1130/103906.059:ERROR:process_reader_win.cc(242)] ReadMemory at 0x2a4ab614160 of 132 bytes failed: Only part of a ReadProcessMemory or WriteProcessMemory request was completed. (0x12B)
[1130/103906.059:ERROR:process_reader_win.cc(242)] ReadMemory at 0x2a4ab614360 of 62 bytes failed: Only part of a ReadProcessMemory or WriteProcessMemory request was completed. (0x12B)
[1130/103906.059:ERROR:process_reader_win.cc(242)] ReadMemory at 0x2a4ab614450 of 132 bytes failed: Only part of a ReadProcessMemory or WriteProcessMemory request was completed. (0x12B)
[1130/103906.059:ERROR:process_reader_win.cc(242)] ReadMemory at 0x2a4ab6145e0 of 68 bytes failed: Only part of a ReadProcessMemory or WriteProcessMemory request was completed. (0x12B)
[1130/103906.059:ERROR:process_reader_win.cc(242)] ReadMemory at 0x2a4ab61aa70 of 132 bytes failed: Only part of a ReadProcessMemory or WriteProcessMemory request was completed. (0x12B)
[1130/103906.059:ERROR:process_reader_win.cc(242)] ReadMemory at 0x2a4ab61acb0 of 132 bytes failed: Only part of a ReadProcessMemory or WriteProcessMemory request was completed. (0x12B)
[1130/103906.059:ERROR:process_reader_win.cc(242)] ReadMemory at 0x2a4ab61ae40 of 62 bytes failed: Only part of a ReadProcessMemory or WriteProcessMemory request was completed. (0x12B)
[1130/103906.059:ERROR:process_reader_win.cc(242)] ReadMemory at 0x2a4ab61c5b0 of 132 bytes failed: Only part of a ReadProcessMemory or WriteProcessMemory request was completed. (0x12B)
[1130/103906.059:ERROR:process_reader_win.cc(242)] ReadMemory at 0x2a4ab61c740 of 60 bytes failed: Only part of a ReadProcessMemory or WriteProcessMemory request was completed. (0x12B)
[1130/103906.061:ERROR:process_reader_win.cc(242)] ReadMemory at 0x2a4ab61c790 of 158 bytes failed: Only part of a ReadProcessMemory or WriteProcessMemory request was completed. (0x12B)
[1130/103906.061:ERROR:process_reader_win.cc(242)] ReadMemory at 0x2a4ab61c990 of 132 bytes failed: Only part of a ReadProcessMemory or WriteProcessMemory request was completed. (0x12B)
[1130/103906.061:ERROR:process_reader_win.cc(242)] ReadMemory at 0x2a4ab61cb20 of 64 bytes failed: Only part of a ReadProcessMemory or WriteProcessMemory request was completed. (0x12B)
[1130/103906.061:ERROR:process_reader_win.cc(242)] ReadMemory at 0x2a4ab61cda0 of 132 bytes failed: Only part of a ReadProcessMemory or WriteProcessMemory request was completed. (0x12B)
[1130/103906.061:ERROR:process_reader_win.cc(242)] ReadMemory at 0x2a4ab61cf30 of 64 bytes failed: Only part of a ReadProcessMemory or WriteProcessMemory request was completed. (0x12B)
[1130/103906.061:ERROR:process_reader_win.cc(242)] ReadMemory at 0x2a4ab61d190 of 132 bytes failed: Only part of a ReadProcessMemory or WriteProcessMemory request was completed. (0x12B)
[1130/103906.061:ERROR:process_reader_win.cc(242)] ReadMemory at 0x2a4ab61d320 of 60 bytes failed: Only part of a ReadProcessMemory or WriteProcessMemory request was completed. (0x12B)
[1130/103906.061:ERROR:process_reader_win.cc(242)] ReadMemory at 0x2a4ab61d370 of 246 bytes failed: Only part of a ReadProcessMemory or WriteProcessMemory request was completed. (0x12B)
[1130/103906.061:ERROR:process_reader_win.cc(242)] ReadMemory at 0x2a4ab61d640 of 132 bytes failed: Only part of a ReadProcessMemory or WriteProcessMemory request was completed. (0x12B)
[1130/103906.062:ERROR:process_reader_win.cc(242)] ReadMemory at 0x2a4ab61d7d0 of 60 bytes failed: Only part of a ReadProcessMemory or WriteProcessMemory request was completed. (0x12B)
[1130/103906.062:ERROR:process_reader_win.cc(242)] ReadMemory at 0x2a4ab61da10 of 132 bytes failed: Only part of a ReadProcessMemory or WriteProcessMemory request was completed. (0x12B)
[1130/103906.062:ERROR:process_reader_win.cc(242)] ReadMemory at 0x2a4ab61dba0 of 62 bytes failed: Only part of a ReadProcessMemory or WriteProcessMemory request was completed. (0x12B)
[1130/103906.062:ERROR:process_reader_win.cc(242)] ReadMemory at 0x2a4ab61e6f0 of 132 bytes failed: Only part of a ReadProcessMemory or WriteProcessMemory request was completed. (0x12B)
[1130/103906.062:ERROR:process_reader_win.cc(242)] ReadMemory at 0x2a4ab61e990 of 78 bytes failed: Only part of a ReadProcessMemory or WriteProcessMemory request was completed. (0x12B)
[1130/103906.062:ERROR:process_reader_win.cc(242)] ReadMemory at 0x2a4ab61eb10 of 80 bytes failed: Only part of a ReadProcessMemory or WriteProcessMemory request was completed. (0x12B)
[1130/103906.062:ERROR:process_reader_win.cc(242)] ReadMemory at 0x2a4ab61ebd0 of 76 bytes failed: Only part of a ReadProcessMemory or WriteProcessMemory request was completed. (0x12B)
[1130/103906.062:ERROR:process_reader_win.cc(242)] ReadMemory at 0x2a4ab61f1c0 of 132 bytes failed: Only part of a ReadProcessMemory or WriteProcessMemory request was completed. (0x12B)
[1130/103906.062:ERROR:process_reader_win.cc(242)] ReadMemory at 0x2a4ab61f6a0 of 132 bytes failed: Only part of a ReadProcessMemory or WriteProcessMemory request was completed. (0x12B)
[1130/103906.063:ERROR:process_reader_win.cc(242)] ReadMemory at 0x2a4ab61f7d0 of 64 bytes failed: Only part of a ReadProcessMemory or WriteProcessMemory request was completed. (0x12B)
[1130/103906.501:ERROR:process_reader_win.cc(242)] ReadMemory at 0x2a4ab620940 of 132 bytes failed: Only part of a ReadProcessMemory or WriteProcessMemory request was completed. (0x12B)
[1130/103906.501:ERROR:process_reader_win.cc(242)] ReadMemory at 0x2a4ab620ac0 of 62 bytes failed: Only part of a ReadProcessMemory or WriteProcessMemory request was completed. (0x12B)
[1130/103906.501:ERROR:process_reader_win.cc(242)] ReadMemory at 0x2a4ab620b10 of 62 bytes failed: Only part of a ReadProcessMemory or WriteProcessMemory request was completed. (0x12B)
[1130/103906.501:ERROR:process_reader_win.cc(242)] ReadMemory at 0x2a4ab620b60 of 64 bytes failed: Only part of a ReadProcessMemory or WriteProcessMemory request was completed. (0x12B)
[1130/103906.501:ERROR:process_reader_win.cc(242)] ReadMemory at 0x2a4ab620cf0 of 62 bytes failed: Only part of a ReadProcessMemory or WriteProcessMemory request was completed. (0x12B)
[1130/103906.501:ERROR:process_reader_win.cc(242)] ReadMemory at 0x2a4ab620d90 of 66 bytes failed: Only part of a ReadProcessMemory or WriteProcessMemory request was completed. (0x12B)
[1130/103906.501:ERROR:process_reader_win.cc(242)] ReadMemory at 0x2a4ab620de0 of 66 bytes failed: Only part of a ReadProcessMemory or WriteProcessMemory request was completed. (0x12B)
[1130/103906.501:ERROR:process_reader_win.cc(242)] ReadMemory at 0x2a4ab620e30 of 58 bytes failed: Only part of a ReadProcessMemory or WriteProcessMemory request was completed. (0x12B)
[1130/103906.505:ERROR:process_reader_win.cc(242)] ReadMemory at 0x2a4ab620e80 of 62 bytes failed: Only part of a ReadProcessMemory or WriteProcessMemory request was completed. (0x12B)
[1130/103906.505:ERROR:process_reader_win.cc(242)] ReadMemory at 0x2a4ab620ed0 of 58 bytes failed: Only part of a ReadProcessMemory or WriteProcessMemory request was completed. (0x12B)
[1130/103906.505:ERROR:process_reader_win.cc(242)] ReadMemory at 0x2a4ab620f70 of 60 bytes failed: Only part of a ReadProcessMemory or WriteProcessMemory request was completed. (0x12B)
[1130/103906.505:ERROR:process_reader_win.cc(242)] ReadMemory at 0x2a4ab620fc0 of 60 bytes failed: Only part of a ReadProcessMemory or WriteProcessMemory request was completed. (0x12B)
[1130/103906.505:ERROR:process_reader_win.cc(242)] ReadMemory at 0x2a4ab621100 of 60 bytes failed: Only part of a ReadProcessMemory or WriteProcessMemory request was completed. (0x12B)
[1130/103906.505:ERROR:process_reader_win.cc(242)] ReadMemory at 0x2a4ab621150 of 58 bytes failed: Only part of a ReadProcessMemory or WriteProcessMemory request was completed. (0x12B)
[1130/103906.505:ERROR:process_reader_win.cc(242)] ReadMemory at 0x2a4ab6211a0 of 62 bytes failed: Only part of a ReadProcessMemory or WriteProcessMemory request was completed. (0x12B)
[1130/103906.505:ERROR:process_reader_win.cc(242)] ReadMemory at 0x2a4ab6211f0 of 64 bytes failed: Only part of a ReadProcessMemory or WriteProcessMemory request was completed. (0x12B)
[1130/103906.505:ERROR:process_reader_win.cc(242)] ReadMemory at 0x2a4ab6213a0 of 132 bytes failed: Only part of a ReadProcessMemory or WriteProcessMemory request was completed. (0x12B)
[1130/103906.505:ERROR:process_reader_win.cc(242)] ReadMemory at 0x2a4ab6214d0 of 132 bytes failed: Only part of a ReadProcessMemory or WriteProcessMemory request was completed. (0x12B)
[1130/103906.505:ERROR:process_reader_win.cc(242)] ReadMemory at 0x2a4ab621600 of 132 bytes failed: Only part of a ReadProcessMemory or WriteProcessMemory request was completed. (0x12B)
[1130/103906.505:ERROR:process_reader_win.cc(242)] ReadMemory at 0x2a4ab621730 of 132 bytes failed: Only part of a ReadProcessMemory or WriteProcessMemory request was completed. (0x12B)
[1130/103906.505:ERROR:process_reader_win.cc(242)] ReadMemory at 0x2a4ab621860 of 132 bytes failed: Only part of a ReadProcessMemory or WriteProcessMemory request was completed. (0x12B)
[1130/103906.505:ERROR:process_reader_win.cc(242)] ReadMemory at 0x2a4ab621990 of 132 bytes failed: Only part of a ReadProcessMemory or WriteProcessMemory request was completed. (0x12B)
[1130/103906.505:ERROR:process_reader_win.cc(242)] ReadMemory at 0x2a4ab621ac0 of 132 bytes failed: Only part of a ReadProcessMemory or WriteProcessMemory request was completed. (0x12B)
[1130/103906.505:ERROR:process_reader_win.cc(242)] ReadMemory at 0x2a4ab621bf0 of 132 bytes failed: Only part of a ReadProcessMemory or WriteProcessMemory request was completed. (0x12B)
[1130/103906.505:ERROR:process_reader_win.cc(242)] ReadMemory at 0x2a4ab621d20 of 132 bytes failed: Only part of a ReadProcessMemory or WriteProcessMemory request was completed. (0x12B)
[1130/103906.505:ERROR:process_reader_win.cc(242)] ReadMemory at 0x2a4ab621e50 of 132 bytes failed: Only part of a ReadProcessMemory or WriteProcessMemory request was completed. (0x12B)
[1130/103906.505:ERROR:process_reader_win.cc(242)] ReadMemory at 0x2a4ab621f80 of 132 bytes failed: Only part of a ReadProcessMemory or WriteProcessMemory request was completed. (0x12B)
[1130/103906.505:ERROR:process_reader_win.cc(242)] ReadMemory at 0x2a4ab6220b0 of 132 bytes failed: Only part of a ReadProcessMemory or WriteProcessMemory request was completed. (0x12B)
[1130/103906.505:ERROR:process_reader_win.cc(242)] ReadMemory at 0x2a4ab6221e0 of 132 bytes failed: Only part of a ReadProcessMemory or WriteProcessMemory request was completed. (0x12B)
[1130/103906.505:ERROR:process_reader_win.cc(242)] ReadMemory at 0x2a4ab623df0 of 132 bytes failed: Only part of a ReadProcessMemory or WriteProcessMemory request was completed. (0x12B)
[1130/103906.505:ERROR:process_reader_win.cc(242)] ReadMemory at 0x2a4ab623f20 of 132 bytes failed: Only part of a ReadProcessMemory or WriteProcessMemory request was completed. (0x12B)
[1130/103906.505:ERROR:process_reader_win.cc(242)] ReadMemory at 0x2a4ab624050 of 132 bytes failed: Only part of a ReadProcessMemory or WriteProcessMemory request was completed. (0x12B)
[1130/103906.505:ERROR:process_reader_win.cc(242)] ReadMemory at 0x2a4ab624180 of 132 bytes failed: Only part of a ReadProcessMemory or WriteProcessMemory request was completed. (0x12B)
[1130/103906.505:ERROR:process_reader_win.cc(242)] ReadMemory at 0x2a4ab6242b0 of 132 bytes failed: Only part of a ReadProcessMemory or WriteProcessMemory request was completed. (0x12B)
[1130/103906.505:ERROR:process_reader_win.cc(242)] ReadMemory at 0x2a4ab6243e0 of 132 bytes failed: Only part of a ReadProcessMemory or WriteProcessMemory request was completed. (0x12B)
[1130/103906.505:ERROR:process_reader_win.cc(242)] ReadMemory at 0x2a4ab624510 of 132 bytes failed: Only part of a ReadProcessMemory or WriteProcessMemory request was completed. (0x12B)
[1130/103906.505:ERROR:process_reader_win.cc(242)] ReadMemory at 0x2a4ab624640 of 132 bytes failed: Only part of a ReadProcessMemory or WriteProcessMemory request was completed. (0x12B)
[1130/103906.505:ERROR:process_reader_win.cc(242)] ReadMemory at 0x2a4ab624770 of 132 bytes failed: Only part of a ReadProcessMemory or WriteProcessMemory request was completed. (0x12B)
[1130/103906.505:ERROR:process_reader_win.cc(242)] ReadMemory at 0x2a4ab6248a0 of 132 bytes failed: Only part of a ReadProcessMemory or WriteProcessMemory request was completed. (0x12B)
[1130/103906.505:ERROR:process_reader_win.cc(242)] ReadMemory at 0x2a4ab6249d0 of 132 bytes failed: Only part of a ReadProcessMemory or WriteProcessMemory request was completed. (0x12B)
[1130/103906.509:ERROR:process_reader_win.cc(242)] ReadMemory at 0x2a4ab624b00 of 132 bytes failed: Only part of a ReadProcessMemory or WriteProcessMemory request was completed. (0x12B)
[1130/103906.509:ERROR:process_reader_win.cc(242)] ReadMemory at 0x2a4ab624c30 of 132 bytes failed: Only part of a ReadProcessMemory or WriteProcessMemory request was completed. (0x12B)
[1130/103906.509:ERROR:process_reader_win.cc(242)] ReadMemory at 0x2a4ab624d60 of 132 bytes failed: Only part of a ReadProcessMemory or WriteProcessMemory request was completed. (0x12B)
[1130/103906.509:ERROR:process_reader_win.cc(242)] ReadMemory at 0x2a4ab624e90 of 132 bytes failed: Only part of a ReadProcessMemory or WriteProcessMemory request was completed. (0x12B)
[1130/103906.509:ERROR:process_reader_win.cc(242)] ReadMemory at 0x2a4ab624fc0 of 132 bytes failed: Only part of a ReadProcessMemory or WriteProcessMemory request was completed. (0x12B)
[1130/103906.509:ERROR:process_reader_win.cc(242)] ReadMemory at 0x2a4ab6250f0 of 132 bytes failed: Only part of a ReadProcessMemory or WriteProcessMemory request was completed. (0x12B)
[1130/103906.509:ERROR:process_reader_win.cc(242)] ReadMemory at 0x2a4ab625220 of 132 bytes failed: Only part of a ReadProcessMemory or WriteProcessMemory request was completed. (0x12B)
[1130/103906.509:ERROR:process_reader_win.cc(242)] ReadMemory at 0x2a4ab625350 of 132 bytes failed: Only part of a ReadProcessMemory or WriteProcessMemory request was completed. (0x12B)
[1130/103906.509:ERROR:process_reader_win.cc(242)] ReadMemory at 0x2a4ab625480 of 132 bytes failed: Only part of a ReadProcessMemory or WriteProcessMemory request was completed. (0x12B)
[1130/103906.509:ERROR:process_reader_win.cc(242)] ReadMemory at 0x2a4ab6255b0 of 132 bytes failed: Only part of a ReadProcessMemory or WriteProcessMemory request was completed. (0x12B)
[1130/103906.509:ERROR:process_reader_win.cc(242)] ReadMemory at 0x2a4ab625810 of 132 bytes failed: Only part of a ReadProcessMemory or WriteProcessMemory request was completed. (0x12B)
[1130/103906.509:ERROR:process_reader_win.cc(242)] ReadMemory at 0x2a4ab625940 of 132 bytes failed: Only part of a ReadProcessMemory or WriteProcessMemory request was completed. (0x12B)
[1130/103906.509:ERROR:process_reader_win.cc(242)] ReadMemory at 0x2a4ab625a70 of 132 bytes failed: Only part of a ReadProcessMemory or WriteProcessMemory request was completed. (0x12B)
[1130/103906.509:ERROR:process_reader_win.cc(242)] ReadMemory at 0x2a4ab625ba0 of 132 bytes failed: Only part of a ReadProcessMemory or WriteProcessMemory request was completed. (0x12B)
[1130/103906.509:ERROR:process_reader_win.cc(242)] ReadMemory at 0x2a4ab626dc0 of 154 bytes failed: Only part of a ReadProcessMemory or WriteProcessMemory request was completed. (0x12B)
[1130/103906.509:ERROR:process_reader_win.cc(242)] ReadMemory at 0x2a4ab62a300 of 58 bytes failed: Only part of a ReadProcessMemory or WriteProcessMemory request was completed. (0x12B)
[1130/103906.509:ERROR:process_reader_win.cc(242)] ReadMemory at 0x2a4ab62a440 of 64 bytes failed: Only part of a ReadProcessMemory or WriteProcessMemory request was completed. (0x12B)
[1130/103906.509:ERROR:process_reader_win.cc(242)] ReadMemory at 0x2a4ab62a490 of 64 bytes failed: Only part of a ReadProcessMemory or WriteProcessMemory request was completed. (0x12B)
[1130/103906.509:ERROR:process_reader_win.cc(242)] ReadMemory at 0x2a4ab62a580 of 60 bytes failed: Only part of a ReadProcessMemory or WriteProcessMemory request was completed. (0x12B)
[1130/103906.509:ERROR:process_reader_win.cc(242)] ReadMemory at 0x2a4ab62a850 of 62 bytes failed: Only part of a ReadProcessMemory or WriteProcessMemory request was completed. (0x12B)
[1130/103906.509:ERROR:process_reader_win.cc(242)] ReadMemory at 0x2a4ab62a8a0 of 64 bytes failed: Only part of a ReadProcessMemory or WriteProcessMemory request was completed. (0x12B)
[1130/103906.509:ERROR:process_reader_win.cc(242)] ReadMemory at 0x2a4ab62ab20 of 66 bytes failed: Only part of a ReadProcessMemory or WriteProcessMemory request was completed. (0x12B)
[1130/103906.509:ERROR:process_reader_win.cc(242)] ReadMemory at 0x2a4ab62ac10 of 66 bytes failed: Only part of a ReadProcessMemory or WriteProcessMemory request was completed. (0x12B)
[1130/103906.509:ERROR:process_reader_win.cc(242)] ReadMemory at 0x2a4ab62acb0 of 58 bytes failed: Only part of a ReadProcessMemory or WriteProcessMemory request was completed. (0x12B)
[1130/103906.509:ERROR:process_reader_win.cc(242)] ReadMemory at 0x2a4ab62af30 of 60 bytes failed: Only part of a ReadProcessMemory or WriteProcessMemory request was completed. (0x12B)
[1130/103906.513:ERROR:process_reader_win.cc(242)] ReadMemory at 0x2a4ab6346e0 of 54 bytes failed: Only part of a ReadProcessMemory or WriteProcessMemory request was completed. (0x12B)
[1130/103906.513:ERROR:process_reader_win.cc(242)] ReadMemory at 0x2a4ab638f50 of 64 bytes failed: Only part of a ReadProcessMemory or WriteProcessMemory request was completed. (0x12B)
[1130/103906.513:ERROR:process_reader_win.cc(242)] ReadMemory at 0x2a4ab638fa0 of 60 bytes failed: Only part of a ReadProcessMemory or WriteProcessMemory request was completed. (0x12B)
[1130/103906.513:ERROR:process_reader_win.cc(242)] ReadMemory at 0x2a4ab639400 of 64 bytes failed: Only part of a ReadProcessMemory or WriteProcessMemory request was completed. (0x12B)
[1130/103906.513:ERROR:process_reader_win.cc(242)] ReadMemory at 0x2a4ab6394f0 of 58 bytes failed: Only part of a ReadProcessMemory or WriteProcessMemory request was completed. (0x12B)
[1130/103906.513:ERROR:process_reader_win.cc(242)] ReadMemory at 0x2a4ab639540 of 56 bytes failed: Only part of a ReadProcessMemory or WriteProcessMemory request was completed. (0x12B)
[1130/103906.513:ERROR:process_reader_win.cc(242)] ReadMemory at 0x2a4ab639590 of 62 bytes failed: Only part of a ReadProcessMemory or WriteProcessMemory request was completed. (0x12B)
[1130/103906.513:ERROR:process_reader_win.cc(242)] ReadMemory at 0x2a4ab639630 of 60 bytes failed: Only part of a ReadProcessMemory or WriteProcessMemory request was completed. (0x12B)
[1130/103906.514:ERROR:process_reader_win.cc(242)] ReadMemory at 0x2a4ab639720 of 62 bytes failed: Only part of a ReadProcessMemory or WriteProcessMemory request was completed. (0x12B)
[1130/103906.514:ERROR:process_reader_win.cc(242)] ReadMemory at 0x2a4ab6398b0 of 62 bytes failed: Only part of a ReadProcessMemory or WriteProcessMemory request was completed. (0x12B)
[1130/103906.514:ERROR:process_reader_win.cc(242)] ReadMemory at 0x2a4ab639950 of 62 bytes failed: Only part of a ReadProcessMemory or WriteProcessMemory request was completed. (0x12B)
[1130/103906.514:ERROR:process_reader_win.cc(242)] ReadMemory at 0x2a4ab6399a0 of 58 bytes failed: Only part of a ReadProcessMemory or WriteProcessMemory request was completed. (0x12B)
[1130/103906.514:ERROR:process_reader_win.cc(242)] ReadMemory at 0x2a4ab639ae0 of 60 bytes failed: Only part of a ReadProcessMemory or WriteProcessMemory request was completed. (0x12B)
[1130/103906.514:ERROR:process_reader_win.cc(242)] ReadMemory at 0x2a4ab639b30 of 64 bytes failed: Only part of a ReadProcessMemory or WriteProcessMemory request was completed. (0x12B)
[1130/103906.514:ERROR:process_reader_win.cc(242)] ReadMemory at 0x2a4ab639bd0 of 62 bytes failed: Only part of a ReadProcessMemory or WriteProcessMemory request was completed. (0x12B)
[1130/103906.514:ERROR:process_reader_win.cc(242)] ReadMemory at 0x2a4ab639f90 of 132 bytes failed: Only part of a ReadProcessMemory or WriteProcessMemory request was completed. (0x12B)
[1130/103906.514:ERROR:process_reader_win.cc(242)] ReadMemory at 0x2a4ab63a580 of 132 bytes failed: Only part of a ReadProcessMemory or WriteProcessMemory request was completed. (0x12B)
[1130/103906.514:ERROR:process_reader_win.cc(242)] ReadMemory at 0x2a4ab63b620 of 132 bytes failed: Only part of a ReadProcessMemory or WriteProcessMemory request was completed. (0x12B)
[1130/103906.515:ERROR:process_reader_win.cc(242)] ReadMemory at 0x2a4ab63b880 of 132 bytes failed: Only part of a ReadProcessMemory or WriteProcessMemory request was completed. (0x12B)
[1130/103906.515:ERROR:process_reader_win.cc(242)] ReadMemory at 0x2a4ab64c1d0 of 512 bytes failed: Only part of a ReadProcessMemory or WriteProcessMemory request was completed. (0x12B)
[1130/103906.515:ERROR:process_reader_win.cc(242)] ReadMemory at 0x2a4ab64d450 of 512 bytes failed: Only part of a ReadProcessMemory or WriteProcessMemory request was completed. (0x12B)
[1130/103906.515:ERROR:process_reader_win.cc(242)] ReadMemory at 0x2a4ab669c10 of 512 bytes failed: Only part of a ReadProcessMemory or WriteProcessMemory request was completed. (0x12B)
[1130/103906.515:ERROR:process_reader_win.cc(242)] ReadMemory at 0x2a4ab840000 of 384 bytes failed: Only part of a ReadProcessMemory or WriteProcessMemory request was completed. (0x12B)
[1130/103906.515:ERROR:process_reader_win.cc(242)] ReadMemory at 0x2a4ab84bb40 of 512 bytes failed: Only part of a ReadProcessMemory or WriteProcessMemory request was completed. (0x12B)
[1130/103906.515:ERROR:process_reader_win.cc(242)] ReadMemory at 0x2a4abb20000 of 384 bytes failed: Only part of a ReadProcessMemory or WriteProcessMemory request was completed. (0x12B)
[1130/103906.515:ERROR:process_reader_win.cc(242)] ReadMemory at 0x2a4abb5bb38 of 512 bytes failed: Only part of a ReadProcessMemory or WriteProcessMemory request was completed. (0x12B)
[1130/103906.515:ERROR:process_reader_win.cc(242)] ReadMemory at 0x2a4abb637f0 of 512 bytes failed: Only part of a ReadProcessMemory or WriteProcessMemory request was completed. (0x12B)
[1130/103906.515:ERROR:process_reader_win.cc(242)] ReadMemory at 0x2a4abb7bea8 of 512 bytes failed: Only part of a ReadProcessMemory or WriteProcessMemory request was completed. (0x12B)
[1130/103906.515:ERROR:process_reader_win.cc(242)] ReadMemory at 0x2a4abb8c8c0 of 688 bytes failed: Only part of a ReadProcessMemory or WriteProcessMemory request was completed. (0x12B)
[1130/103906.515:ERROR:process_reader_win.cc(242)] ReadMemory at 0x2a4abb8ebb8 of 512 bytes failed: Only part of a ReadProcessMemory or WriteProcessMemory request was completed. (0x12B)
[1130/103906.515:ERROR:process_reader_win.cc(242)] ReadMemory at 0x2a4abc1c8e0 of 560 bytes failed: Only part of a ReadProcessMemory or WriteProcessMemory request was completed. (0x12B)
[1130/103906.515:ERROR:process_reader_win.cc(242)] ReadMemory at 0x2a4abc1cba8 of 512 bytes failed: Only part of a ReadProcessMemory or WriteProcessMemory request was completed. (0x12B)
[1130/103906.515:ERROR:process_reader_win.cc(242)] ReadMemory at 0x2a4abdf5808 of 512 bytes failed: Only part of a ReadProcessMemory or WriteProcessMemory request was completed. (0x12B)
[1130/103906.515:ERROR:process_reader_win.cc(242)] ReadMemory at 0x2a4abdfa520 of 512 bytes failed: Only part of a ReadProcessMemory or WriteProcessMemory request was completed. (0x12B)
[1130/103906.515:ERROR:process_reader_win.cc(242)] ReadMemory at 0x2a4adb20570 of 512 bytes failed: Only part of a ReadProcessMemory or WriteProcessMemory request was completed. (0x12B)
[1130/103906.515:ERROR:process_reader_win.cc(242)] ReadMemory at 0x2a4adb3bb58 of 512 bytes failed: Only part of a ReadProcessMemory or WriteProcessMemory request was completed. (0x12B)
[1130/103906.515:ERROR:process_reader_win.cc(242)] ReadMemory at 0x2a4adf0ab60 of 512 bytes failed: Only part of a ReadProcessMemory or WriteProcessMemory request was completed. (0x12B)
[1130/103906.515:ERROR:process_reader_win.cc(242)] ReadMemory at 0x2a4adf60800 of 512 bytes failed: Only part of a ReadProcessMemory or WriteProcessMemory request was completed. (0x12B)
[1130/103906.515:ERROR:process_reader_win.cc(242)] ReadMemory at 0x2a4adf87eb0 of 512 bytes failed: Only part of a ReadProcessMemory or WriteProcessMemory request was completed. (0x12B)
[1130/103906.515:ERROR:process_reader_win.cc(242)] ReadMemory at 0x2a4ae0a3748 of 512 bytes failed: Only part of a ReadProcessMemory or WriteProcessMemory request was completed. (0x12B)
[1130/103906.515:ERROR:process_reader_win.cc(242)] ReadMemory at 0x2a4aed7fe5c of 512 bytes failed: Only part of a ReadProcessMemory or WriteProcessMemory request was completed. (0x12B)
[1130/103906.515:ERROR:process_reader_win.cc(242)] ReadMemory at 0x2a4b034d7c0 of 512 bytes failed: Only part of a ReadProcessMemory or WriteProcessMemory request was completed. (0x12B)
[1130/103906.515:ERROR:process_reader_win.cc(242)] ReadMemory at 0x2a4b1b5f9a0 of 512 bytes failed: Only part of a ReadProcessMemory or WriteProcessMemory request was completed. (0x12B)
[1130/103906.515:ERROR:process_reader_win.cc(242)] ReadMemory at 0x2a4b1b88160 of 512 bytes failed: Only part of a ReadProcessMemory or WriteProcessMemory request was completed. (0x12B)
[1130/103906.515:ERROR:process_reader_win.cc(242)] ReadMemory at 0x2a4bb89a000 of 400 bytes failed: Only part of a ReadProcessMemory or WriteProcessMemory request was completed. (0x12B)
[1130/103906.515:ERROR:process_reader_win.cc(242)] ReadMemory at 0x2a4ea6cdfa0 of 512 bytes failed: Only part of a ReadProcessMemory or WriteProcessMemory request was completed. (0x12B)
[1130/103906.515:ERROR:process_reader_win.cc(242)] ReadMemory at 0x359a25600000 of 384 bytes failed: Only part of a ReadProcessMemory or WriteProcessMemory request was completed. (0x12B)
[1130/103906.515:ERROR:process_reader_win.cc(242)] ReadMemory at 0x359a25616388 of 513 bytes failed: Only part of a ReadProcessMemory or WriteProcessMemory request was completed. (0x12B)
[1130/103906.515:ERROR:process_reader_win.cc(242)] ReadMemory at 0x7ffa565a1080 of 512 bytes failed: Only part of a ReadProcessMemory or WriteProcessMemory request was completed. (0x12B)
[1130/103906.515:ERROR:process_reader_win.cc(242)] ReadMemory at 0x7ffa5745c41b of 512 bytes failed: Only part of a ReadProcessMemory or WriteProcessMemory request was completed. (0x12B)
[1130/103906.519:ERROR:process_reader_win.cc(242)] ReadMemory at 0x7ffa5ab977d0 of 512 bytes failed: Only part of a ReadProcessMemory or WriteProcessMemory request was completed. (0x12B)
[1130/103906.519:ERROR:process_reader_win.cc(242)] ReadMemory at 0x7ffa6edbe9d8 of 512 bytes failed: Only part of a ReadProcessMemory or WriteProcessMemory request was completed. (0x12B)
[1130/103906.519:ERROR:process_reader_win.cc(242)] ReadMemory at 0x7ffa6edbfa9b of 512 bytes failed: Only part of a ReadProcessMemory or WriteProcessMemory request was completed. (0x12B)
[1130/103906.519:ERROR:process_reader_win.cc(242)] ReadMemory at 0x7ffa9fda0000 of 384 bytes failed: Only part of a ReadProcessMemory or WriteProcessMemory request was completed. (0x12B)
[1130/103906.519:ERROR:process_reader_win.cc(242)] ReadMemory at 0x7ffa9fdbf260 of 576 bytes failed: Only part of a ReadProcessMemory or WriteProcessMemory request was completed. (0x12B)
[1130/103906.519:ERROR:process_reader_win.cc(242)] ReadMemory at 0x7ffa9fdc09e0 of 512 bytes failed: Only part of a ReadProcessMemory or WriteProcessMemory request was completed. (0x12B)
[1130/103906.519:ERROR:process_reader_win.cc(242)] ReadMemory at 0x7ffa9fdc12d0 of 512 bytes failed: Only part of a ReadProcessMemory or WriteProcessMemory request was completed. (0x12B)
[1130/103906.519:ERROR:process_reader_win.cc(242)] ReadMemory at 0x7ffa9fdc30c0 of 512 bytes failed: Only part of a ReadProcessMemory or WriteProcessMemory request was completed. (0x12B)
[1130/103906.519:ERROR:process_reader_win.cc(242)] ReadMemory at 0x7ffa9fe39f04 of 672 bytes failed: Only part of a ReadProcessMemory or WriteProcessMemory request was completed. (0x12B)
[1130/103906.519:ERROR:process_reader_win.cc(242)] ReadMemory at 0x7ffa9fe3d774 of 608 bytes failed: Only part of a ReadProcessMemory or WriteProcessMemory request was completed. (0x12B)
[1130/103906.519:ERROR:process_reader_win.cc(242)] ReadMemory at 0x7ffa9feb8aa0 of 512 bytes failed: Only part of a ReadProcessMemory or WriteProcessMemory request was completed. (0x12B)
[1130/103906.519:ERROR:process_reader_win.cc(242)] ReadMemory at 0x7ffa9fec3810 of 18 bytes failed: Only part of a ReadProcessMemory or WriteProcessMemory request was completed. (0x12B)
[1130/103906.519:ERROR:process_reader_win.cc(242)] ReadMemory at 0x7ffa9fef64e0 of 40 bytes failed: Only part of a ReadProcessMemory or WriteProcessMemory request was completed. (0x12B)
[1130/103906.519:ERROR:process_reader_win.cc(242)] ReadMemory at 0x7ffa9fef6938 of 48 bytes failed: Only part of a ReadProcessMemory or WriteProcessMemory request was completed. (0x12B)
[1130/103906.519:ERROR:process_reader_win.cc(242)] ReadMemory at 0x7ffa9fefc360 of 64 bytes failed: Only part of a ReadProcessMemory or WriteProcessMemory request was completed. (0x12B)
[1130/103907.217:ERROR:scoped_process_suspend.cc(40)] NtResumeProcess: An attempt was made to access an exiting process. (0xc000010a)
